<?xml version="1.0" encoding="UTF-8"?>
<!-- Generated by org.testng.reporters.JUnitXMLReporter -->
<testsuite hostname="VDQADEV01-NNDUU" name="Resource" tests="4" failures="3" timestamp="24 Jun 2015 13:11:38 GMT" time="44.658" errors="0">
  <testcase name="CreateResource" time="26.983" classname="org.room.manager.tests.admin.resources.CreateResourceTest">
    <failure type="java.lang.AssertionError" message="expected [true] but found [false]">
      <![CDATA[java.lang.AssertionError: expected [true] but found [false]
	at org.room.manager.tests.admin.resources.CreateResourceTest.CreateResource(CreateResourceTest.java:40)
... Removed 28 stack frames]]>
    </failure>
  </testcase> <!-- CreateResource -->
  <testcase name="UpdateResource" time="9.675" classname="org.room.manager.tests.admin.resources.VerifyUpdateResource"/>
  <testcase name="ResourceWithoutNameIsAdded" time="3.879" classname="org.room.manager.tests.admin.resources.AnErroMessageIsDisplayedWhenAResourceWithoutNameIsAdded">
    <failure type="java.lang.AssertionError" message="expected [true] but found [false]">
      <![CDATA[java.lang.AssertionError: expected [true] but found [false]
	at org.room.manager.tests.admin.resources.AnErroMessageIsDisplayedWhenAResourceWithoutNameIsAdded.ResourceWithoutNameIsAdded(AnErroMessageIsDisplayedWhenAResourceWithoutNameIsAdded.java:46)
... Removed 28 stack frames]]>
    </failure>
  </testcase> <!-- ResourceWithoutNameIsAdded -->
  <testcase name="DeleteResource" time="0.33" classname="org.room.manager.tests.admin.resources.VerifyDeleteResource">
    <failure type="org.openqa.selenium.WebDriverException" message="unknown error: Element is not clickable at point (820, 401). Other element would receive the click: &amp;lt;textarea ng-model=&amp;quot;resource.description&amp;quot; rows=&amp;quot;3&amp;quot; class=&amp;quot;form-control ng-pristine ng-untouched ng-valid&amp;quot;&amp;gt;&amp;lt;/textarea&amp;gt;
  (Session info: chrome=40.0.2214.111)
  (Driver info: chromedriver=2.14.313457 (3d645c400edf2e2c500566c9aa096063e707c9cf),platform=Windows NT 6.3 x86_64) (WARNING: The server did not provide any stacktrace information)
Command duration or timeout: 69 milliseconds
Build info: version: &amp;apos;2.45.0&amp;apos;, revision: &amp;apos;5017cb8&amp;apos;, time: &amp;apos;2015-02-26 23:59:50&amp;apos;
System info: host: &amp;apos;VDQADEV01-NNDUU&amp;apos;, ip: &amp;apos;172.20.200.215&amp;apos;, os.name: &amp;apos;Windows Server 2012 R2&amp;apos;, os.arch: &amp;apos;x86&amp;apos;, os.version: &amp;apos;6.3&amp;apos;, java.version: &amp;apos;1.7.0_80-ea&amp;apos;
Session ID: f539127f1e3773cc2f38602b0f2410e8
Driver info: org.openqa.selenium.chrome.ChromeDriver
Capabilities [{platform=WIN8_1, acceptSslCerts=true, javascriptEnabled=true, browserName=chrome, chrome={userDataDir=C:\Users\MILENC~1\AppData\Local\Temp\2\scoped_dir13692_13146}, rotatable=false, locationContextEnabled=true, mobileEmulationEnabled=false, version=40.0.2214.111, takesHeapSnapshot=true, cssSelectorsEnabled=true, databaseEnabled=false, handlesAlerts=true, browserConnectionEnabled=false, webStorageEnabled=true, nativeEvents=true, applicationCacheEnabled=false, takesScreenshot=true}]">
      <![CDATA[org.openqa.selenium.WebDriverException: unknown error: Element is not clickable at point (820, 401). Other element would receive the click: <textarea ng-model="resource.description" rows="3" class="form-control ng-pristine ng-untouched ng-valid"></textarea>
  (Session info: chrome=40.0.2214.111)
  (Driver info: chromedriver=2.14.313457 (3d645c400edf2e2c500566c9aa096063e707c9cf),platform=Windows NT 6.3 x86_64) (WARNING: The server did not provide any stacktrace information)
Command duration or timeout: 69 milliseconds
Build info: version: '2.45.0', revision: '5017cb8', time: '2015-02-26 23:59:50'
System info: host: 'VDQADEV01-NNDUU', ip: '172.20.200.215', os.name: 'Windows Server 2012 R2', os.arch: 'x86', os.version: '6.3', java.version: '1.7.0_80-ea'
Session ID: f539127f1e3773cc2f38602b0f2410e8
Driver info: org.openqa.selenium.chrome.ChromeDriver
Capabilities [{platform=WIN8_1, acceptSslCerts=true, javascriptEnabled=true, browserName=chrome, chrome={userDataDir=C:\Users\MILENC~1\AppData\Local\Temp\2\scoped_dir13692_13146}, rotatable=false, locationContextEnabled=true, mobileEmulationEnabled=false, version=40.0.2214.111, takesHeapSnapshot=true, cssSelectorsEnabled=true, databaseEnabled=false, handlesAlerts=true, browserConnectionEnabled=false, webStorageEnabled=true, nativeEvents=true, applicationCacheEnabled=false, takesScreenshot=true}]
	at org.openqa.selenium.remote.ErrorHandler.createThrowable(ErrorHandler.java:204)
	at org.openqa.selenium.remote.ErrorHandler.throwIfResponseFailed(ErrorHandler.java:156)
	at org.openqa.selenium.remote.RemoteWebDriver.execute(RemoteWebDriver.java:599)
	at org.openqa.selenium.remote.RemoteWebElement.execute(RemoteWebElement.java:268)
	at org.openqa.selenium.remote.RemoteWebElement.click(RemoteWebElement.java:79)
	at org.room.manager.pages.admin.LoginPage.btn_signIn(LoginPage.java:27)
	at org.room.manager.tests.admin.resources.VerifyDeleteResource.DeleteResource(VerifyDeleteResource.java:34)
... Removed 28 stack frames]]>
    </failure>
  </testcase> <!-- DeleteResource -->
</testsuite> <!-- Resource -->
