<!DOCTYPE html PUBLIC "-//W3C//DTD XHTML 1.1//EN" "http://www.w3.org/TR/xhtml11/DTD/xhtml11.dtd">
<html xmlns="http://www.w3.org/1999/xhtml"><head><title>TestNG Report</title><style type="text/css">table {margin-bottom:10px;border-collapse:collapse;empty-cells:show}th,td {border:1px solid #009;padding:.25em .5em}th {vertical-align:bottom}td {vertical-align:top}table a {font-weight:bold}.stripe td {background-color: #E6EBF9}.num {text-align:right}.passedodd td {background-color: #3F3}.passedeven td {background-color: #0A0}.skippedodd td {background-color: #DDD}.skippedeven td {background-color: #CCC}.failedodd td,.attn {background-color: #F33}.failedeven td,.stripe .attn {background-color: #D00}.stacktrace {white-space:pre;font-family:monospace}.totop {font-size:85%;text-align:center;border-bottom:2px solid #000}</style></head><body><table><tr><th>Test</th><th># Passed</th><th># Skipped</th><th># Failed</th><th>Time (ms)</th><th>Included Groups</th><th>Excluded Groups</th></tr><tr><th colspan="7">EmailServer_Test_Suite</th></tr><tr><td><a href="#t0">RoomManager</a></td><td class="num">1</td><td class="num">0</td><td class="num attn">1</td><td class="num">11,765</td><td></td><td></td></tr><tr><th colspan="7">Room Manager - All Suites</th></tr><tr><th colspan="7">Resources_Test_Suite</th></tr><tr class="stripe"><td><a href="#t1">RoomManager</a></td><td class="num">3</td><td class="num">0</td><td class="num attn">1</td><td class="num">28,493</td><td></td><td></td></tr><tr><th>Total</th><th class="num">4</th><th class="num">0</th><th class="num attn">2</th><th class="num">40,258</th><th colspan="2"></th></tr></table><table><thead><tr><th>Class</th><th>Method</th><th>Start</th><th>Time (ms)</th></tr></thead><tbody><tr><th colspan="4">EmailServer_Test_Suite</th></tr></tbody><tbody id="t0"><tr><th colspan="4">RoomManager &#8212; failed</th></tr><tr class="failedeven"><td rowspan="1">org.room.manager.tests.admin.emailserver.AddEmailServerToRoomManager</td><td><a href="#m0">registerEmailService</a></td><td rowspan="1">1434752067200</td><td rowspan="1">2572</td></tr><tr><th colspan="4">RoomManager &#8212; passed</th></tr><tr class="passedeven"><td rowspan="1">org.room.manager.tests.admin.emailserver.RemoveEmailServerToRoomManager$AddEmailServerToRoomManager</td><td><a href="#m1">removeEmailService</a></td><td rowspan="1">1434752058029</td><td rowspan="1">9171</td></tr></tbody><tbody><tr><th colspan="4">Room Manager - All Suites</th></tr></tbody><tbody><tr><th colspan="4">Resources_Test_Suite</th></tr></tbody><tbody id="t1"><tr><th colspan="4">RoomManager &#8212; failed</th></tr><tr class="failedeven"><td rowspan="1">org.room.manager.tests.admin.resources.CreateResourceTest</td><td><a href="#m2">CreateResource</a></td><td rowspan="1">1434752075921</td><td rowspan="1">13665</td></tr><tr><th colspan="4">RoomManager &#8212; passed</th></tr><tr class="passedeven"><td rowspan="1">org.room.manager.tests.admin.resources.AnErroMessageIsDisplayedWhenAResourceWithoutNameIsAdded</td><td><a href="#m3">ResourceWithoutNameIsAdded</a></td><td rowspan="1">1434752095052</td><td rowspan="1">4315</td></tr><tr class="passedodd"><td rowspan="1">org.room.manager.tests.admin.resources.VerifyDeleteResource</td><td><a href="#m4">DeleteResource</a></td><td rowspan="1">1434752099367</td><td rowspan="1">5046</td></tr><tr class="passedeven"><td rowspan="1">org.room.manager.tests.admin.resources.VerifyUpdateResource</td><td><a href="#m5">UpdateResource</a></td><td rowspan="1">1434752089587</td><td rowspan="1">5465</td></tr></tbody></table><h2>RoomManager</h2><h3 id="m0">org.room.manager.tests.admin.emailserver.AddEmailServerToRoomManager#registerEmailService</h3><table class="result"><tr><th>Exception</th></tr><tr><td><div class="stacktrace">org.openqa.selenium.NoSuchElementException: no such element
  (Session info: chrome=40.0.2214.111)
  (Driver info: chromedriver=2.14.313457 (3d645c400edf2e2c500566c9aa096063e707c9cf),platform=Windows NT 6.3 x86_64) (WARNING: The server did not provide any stacktrace information)
Command duration or timeout: 132 milliseconds
For documentation on this error, please visit: http://seleniumhq.org/exceptions/no_such_element.html
Build info: version: &apos;2.44.0&apos;, revision: &apos;76d78cf&apos;, time: &apos;2014-10-23 20:03:00&apos;
System info: host: &apos;VDQADEV01-NNDUU&apos;, ip: &apos;172.20.200.215&apos;, os.name: &apos;Windows Server 2012 R2&apos;, os.arch: &apos;x86&apos;, os.version: &apos;6.3&apos;, java.version: &apos;1.7.0_80-ea&apos;
Session ID: 7747d5c67c14c2694289257ca2981aca
Driver info: org.openqa.selenium.chrome.ChromeDriver
Capabilities [{platform=WIN8_1, acceptSslCerts=true, javascriptEnabled=true, browserName=chrome, chrome={userDataDir=C:\Users\MILENC~1\AppData\Local\Temp\2\scoped_dir26816_2211}, rotatable=false, locationContextEnabled=true, mobileEmulationEnabled=false, version=40.0.2214.111, takesHeapSnapshot=true, cssSelectorsEnabled=true, databaseEnabled=false, handlesAlerts=true, browserConnectionEnabled=false, webStorageEnabled=true, nativeEvents=true, applicationCacheEnabled=false, takesScreenshot=true}]
	at org.openqa.selenium.remote.ErrorHandler.createThrowable(ErrorHandler.java:204)
	at org.openqa.selenium.remote.ErrorHandler.throwIfResponseFailed(ErrorHandler.java:156)
	at org.openqa.selenium.remote.RemoteWebDriver.execute(RemoteWebDriver.java:599)
	at org.openqa.selenium.remote.RemoteWebDriver.findElement(RemoteWebDriver.java:352)
	at org.openqa.selenium.remote.RemoteWebDriver.findElementById(RemoteWebDriver.java:393)
	at org.openqa.selenium.By$ById.findElement(By.java:214)
	at org.openqa.selenium.remote.RemoteWebDriver.findElement(RemoteWebDriver.java:344)
	at org.room.manager.pages.admin.emailserver.EmailServerAddPage.txt_Hostname(EmailServerAddPage.java:36)
	at org.room.manager.tests.admin.emailserver.AddEmailServerToRoomManager.registerEmailService(AddEmailServerToRoomManager.java:45)
... Removed 28 stack frames</div></td></tr></table><p class="totop"><a href="#summary">back to summary</a></p><h3 id="m1">org.room.manager.tests.admin.emailserver.RemoveEmailServerToRoomManager$AddEmailServerToRoomManager#removeEmailService</h3><table class="result"></table><p class="totop"><a href="#summary">back to summary</a></p><h2>RoomManager</h2><h3 id="m2">org.room.manager.tests.admin.resources.CreateResourceTest#CreateResource</h3><table class="result"><tr><th>Exception</th></tr><tr><td><div class="stacktrace">org.openqa.selenium.StaleElementReferenceException: stale element reference: element is not attached to the page document
  (Session info: chrome=40.0.2214.111)
  (Driver info: chromedriver=2.14.313457 (3d645c400edf2e2c500566c9aa096063e707c9cf),platform=Windows NT 6.3 x86_64) (WARNING: The server did not provide any stacktrace information)
Command duration or timeout: 25 milliseconds
For documentation on this error, please visit: http://seleniumhq.org/exceptions/stale_element_reference.html
Build info: version: &apos;2.44.0&apos;, revision: &apos;76d78cf&apos;, time: &apos;2014-10-23 20:03:00&apos;
System info: host: &apos;VDQADEV01-NNDUU&apos;, ip: &apos;172.20.200.215&apos;, os.name: &apos;Windows Server 2012 R2&apos;, os.arch: &apos;x86&apos;, os.version: &apos;6.3&apos;, java.version: &apos;1.7.0_80-ea&apos;
Session ID: 92f06b21750b69f2bfda376dd9922614
Driver info: org.openqa.selenium.chrome.ChromeDriver
Capabilities [{platform=WIN8_1, acceptSslCerts=true, javascriptEnabled=true, browserName=chrome, chrome={userDataDir=C:\Users\MILENC~1\AppData\Local\Temp\2\scoped_dir28016_23121}, rotatable=false, locationContextEnabled=true, mobileEmulationEnabled=false, version=40.0.2214.111, takesHeapSnapshot=true, cssSelectorsEnabled=true, databaseEnabled=false, handlesAlerts=true, browserConnectionEnabled=false, webStorageEnabled=true, nativeEvents=true, applicationCacheEnabled=false, takesScreenshot=true}]
	at org.openqa.selenium.remote.ErrorHandler.createThrowable(ErrorHandler.java:204)
	at org.openqa.selenium.remote.ErrorHandler.throwIfResponseFailed(ErrorHandler.java:156)
	at org.openqa.selenium.remote.RemoteWebDriver.execute(RemoteWebDriver.java:599)
	at org.openqa.selenium.remote.RemoteWebElement.execute(RemoteWebElement.java:268)
	at org.openqa.selenium.remote.RemoteWebElement.findElements(RemoteWebElement.java:187)
	at org.openqa.selenium.remote.RemoteWebElement.findElementsByXPath(RemoteWebElement.java:248)
	at org.openqa.selenium.By$ByXPath.findElements(By.java:352)
	at org.openqa.selenium.remote.RemoteWebElement.findElements(RemoteWebElement.java:163)
	at org.room.manager.pages.admin.resources.ResourcePage.getResource(ResourcePage.java:66)
	at org.room.manager.pages.admin.resources.ResourcePage.getResourceName(ResourcePage.java:129)
	at org.room.manager.tests.admin.resources.CreateResourceTest.CreateResource(CreateResourceTest.java:40)
... Removed 28 stack frames</div></td></tr></table><p class="totop"><a href="#summary">back to summary</a></p><h3 id="m3">org.room.manager.tests.admin.resources.AnErroMessageIsDisplayedWhenAResourceWithoutNameIsAdded#ResourceWithoutNameIsAdded</h3><table class="result"></table><p class="totop"><a href="#summary">back to summary</a></p><h3 id="m4">org.room.manager.tests.admin.resources.VerifyDeleteResource#DeleteResource</h3><table class="result"></table><p class="totop"><a href="#summary">back to summary</a></p><h3 id="m5">org.room.manager.tests.admin.resources.VerifyUpdateResource#UpdateResource</h3><table class="result"></table><p class="totop"><a href="#summary">back to summary</a></p></body></html>